<?xml version="1.0" encoding="UTF-8" ?>
<testsuite tests="21" failures="0" name="fundtransfer.test.RunCukesTest" time="0.065" errors="0" skipped="6">
  <properties>
    <property name="java.runtime.name" value="Java(TM) SE Runtime Environment"/>
    <property name="sun.boot.library.path" value="C:\Program Files\Java\jdk1.8.0_111\jre\bin"/>
    <property name="java.vm.version" value="25.111-b14"/>
    <property name="java.vm.vendor" value="Oracle Corporation"/>
    <property name="maven.multiModuleProjectDirectory" value="C:\Users\Usuario\workspace\FundTransfer"/>
    <property name="java.vendor.url" value="http://java.oracle.com/"/>
    <property name="path.separator" value=";"/>
    <property name="guice.disable.misplaced.annotation.check" value="true"/>
    <property name="java.vm.name" value="Java HotSpot(TM) 64-Bit Server VM"/>
    <property name="file.encoding.pkg" value="sun.io"/>
    <property name="user.script" value=""/>
    <property name="user.country" value="VE"/>
    <property name="sun.java.launcher" value="SUN_STANDARD"/>
    <property name="sun.os.patch.level" value="Service Pack 1"/>
    <property name="java.vm.specification.name" value="Java Virtual Machine Specification"/>
    <property name="user.dir" value="C:\Users\Usuario\workspace\FundTransfer"/>
    <property name="java.runtime.version" value="1.8.0_111-b14"/>
    <property name="java.awt.graphicsenv" value="sun.awt.Win32GraphicsEnvironment"/>
    <property name="java.endorsed.dirs" value="C:\Program Files\Java\jdk1.8.0_111\jre\lib\endorsed"/>
    <property name="os.arch" value="amd64"/>
    <property name="java.io.tmpdir" value="C:\Users\Usuario\AppData\Local\Temp\"/>
    <property name="line.separator" value="
"/>
    <property name="java.vm.specification.vendor" value="Oracle Corporation"/>
    <property name="user.variant" value=""/>
    <property name="os.name" value="Windows 7"/>
    <property name="classworlds.conf" value="C:\Users\Usuario\workspace\.metadata\.plugins\org.eclipse.m2e.launching\launches\m2conf2991830032834535783.tmp"/>
    <property name="sun.jnu.encoding" value="Cp1252"/>
    <property name="java.library.path" value="C:\Program Files\Java\jdk1.8.0_111\bin;C:\windows\Sun\Java\bin;C:\windows\system32;C:\windows;C:/Program Files/Java/jre1.8.0_111/bin/server;C:/Program Files/Java/jre1.8.0_111/bin;C:/Program Files/Java/jre1.8.0_111/lib/amd64;C:\ProgramData\Oracle\Java\javapath;C:\Program Files (x86)\AMD APP\bin\x86_64;C:\Program Files (x86)\AMD APP\bin\x86;C:\Program Files\Common Files\Microsoft Shared\Windows Live;C:\Program Files (x86)\Common Files\Microsoft Shared\Windows Live;C:\windows\system32;C:\windows;C:\windows\System32\Wbem;C:\windows\System32\WindowsPowerShell\v1.0\;C:\Program Files (x86)\Windows Live\Shared;C:\Program Files (x86)\ATI Technologies\ATI.ACE\Core-Static;C:\Program Files (x86)\Intel\Services\IPT\;C:\Program Files (x86)\Skype\Phone\;C:\eclipse;;."/>
    <property name="java.specification.name" value="Java Platform API Specification"/>
    <property name="java.class.version" value="52.0"/>
    <property name="sun.management.compiler" value="HotSpot 64-Bit Tiered Compilers"/>
    <property name="os.version" value="6.1"/>
    <property name="user.home" value="C:\Users\Usuario"/>
    <property name="user.timezone" value="America/New_York"/>
    <property name="java.awt.printerjob" value="sun.awt.windows.WPrinterJob"/>
    <property name="java.specification.version" value="1.8"/>
    <property name="file.encoding" value="Cp1252"/>
    <property name="user.name" value="Usuario"/>
    <property name="java.class.path" value="/C:/eclipse/plugins/org.eclipse.m2e.maven.runtime_1.7.0.20160603-1931/jars/plexus-classworlds-2.5.2.jar"/>
    <property name="java.vm.specification.version" value="1.8"/>
    <property name="sun.arch.data.model" value="64"/>
    <property name="java.home" value="C:\Program Files\Java\jdk1.8.0_111\jre"/>
    <property name="sun.java.command" value="org.codehaus.plexus.classworlds.launcher.Launcher -B test"/>
    <property name="java.specification.vendor" value="Oracle Corporation"/>
    <property name="user.language" value="es"/>
    <property name="awt.toolkit" value="sun.awt.windows.WToolkit"/>
    <property name="java.vm.info" value="mixed mode"/>
    <property name="java.version" value="1.8.0_111"/>
    <property name="java.ext.dirs" value="C:\Program Files\Java\jdk1.8.0_111\jre\lib\ext;C:\windows\Sun\Java\lib\ext"/>
    <property name="sun.boot.class.path" value="C:\Program Files\Java\jdk1.8.0_111\jre\lib\resources.jar;C:\Program Files\Java\jdk1.8.0_111\jre\lib\rt.jar;C:\Program Files\Java\jdk1.8.0_111\jre\lib\sunrsasign.jar;C:\Program Files\Java\jdk1.8.0_111\jre\lib\jsse.jar;C:\Program Files\Java\jdk1.8.0_111\jre\lib\jce.jar;C:\Program Files\Java\jdk1.8.0_111\jre\lib\charsets.jar;C:\Program Files\Java\jdk1.8.0_111\jre\lib\jfr.jar;C:\Program Files\Java\jdk1.8.0_111\jre\classes"/>
    <property name="java.vendor" value="Oracle Corporation"/>
    <property name="maven.home" value="C:\Users\Usuario\workspace\FundTransfer\EMBEDDED"/>
    <property name="file.separator" value="\"/>
    <property name="java.vendor.url.bug" value="http://bugreport.sun.com/bugreport/"/>
    <property name="sun.cpu.endian" value="little"/>
    <property name="sun.io.unicode.encoding" value="UnicodeLittle"/>
    <property name="sun.desktop" value="windows"/>
    <property name="sun.cpu.isalist" value="amd64"/>
  </properties>
  <testcase classname="Scenario: Valid Payee" name="Given the user is on Fund Transfer Page" time="0.002"/>
  <testcase classname="Scenario: Valid Payee" name="When he enters &quot;Jim&quot; as payee name" time="0"/>
  <testcase classname="Scenario: Valid Payee" name="And he enters &quot;100&quot; as amount" time="0"/>
  <testcase classname="Scenario: Valid Payee" name="And he submits request for Fund Transfer" time="0"/>
  <testcase classname="Scenario: Valid Payee" name="Then ensure the fund transfer is complete with &quot;100$ transferred succesfully to Jim!! &quot;message" time="0.003">
    <skipped/>
  </testcase>
  <testcase classname="Scenario: Valid Payee" name="Scenario: Valid Payee" time="0.01">
    <skipped/>
  </testcase>
  <testcase classname="Scenario: Valid Payee" name="Scenario: Valid Payee" time="0.01"/>
  <testcase classname="| Andres | 100 | Transfer failed!! &apos;Andres&apos; is not registered in your List of Payees |" name="Given the user is on Fund Transfer Page" time="0"/>
  <testcase classname="| Andres | 100 | Transfer failed!! &apos;Andres&apos; is not registered in your List of Payees |" name="When he enters &quot;Andres&quot; as payee name" time="0"/>
  <testcase classname="| Andres | 100 | Transfer failed!! &apos;Andres&apos; is not registered in your List of Payees |" name="And he enters &quot;100&quot; as amount" time="0"/>
  <testcase classname="| Andres | 100 | Transfer failed!! &apos;Andres&apos; is not registered in your List of Payees |" name="And he submits request for Fund Transfer" time="0"/>
  <testcase classname="| Andres | 100 | Transfer failed!! &apos;Andres&apos; is not registered in your List of Payees |" name="Then ensure a transation failure &quot;Transfer failed!! &apos;Andres&apos; is not registered in your List of Payees&quot; is displayed" time="0">
    <skipped/>
  </testcase>
  <testcase classname="| Andres | 100 | Transfer failed!! &apos;Andres&apos; is not registered in your List of Payees |" name="| Andres | 100 | Transfer failed!! &apos;Andres&apos; is not registered in your List of Payees |" time="0.009">
    <skipped/>
  </testcase>
  <testcase classname="| Andres | 100 | Transfer failed!! &apos;Andres&apos; is not registered in your List of Payees |" name="| Andres | 100 | Transfer failed!! &apos;Andres&apos; is not registered in your List of Payees |" time="0.009"/>
  <testcase classname="| Tim | 100000 | Transfer failed!! account cannot be overdrawn |" name="Given the user is on Fund Transfer Page" time="0"/>
  <testcase classname="| Tim | 100000 | Transfer failed!! account cannot be overdrawn |" name="When he enters &quot;Tim&quot; as payee name" time="0"/>
  <testcase classname="| Tim | 100000 | Transfer failed!! account cannot be overdrawn |" name="And he enters &quot;100000&quot; as amount" time="0"/>
  <testcase classname="| Tim | 100000 | Transfer failed!! account cannot be overdrawn |" name="And he submits request for Fund Transfer" time="0.001"/>
  <testcase classname="| Tim | 100000 | Transfer failed!! account cannot be overdrawn |" name="Then ensure a transation failure &quot;Transfer failed!! account cannot be overdrawn&quot; is displayed" time="0.003">
    <skipped/>
  </testcase>
  <testcase classname="| Tim | 100000 | Transfer failed!! account cannot be overdrawn |" name="| Tim | 100000 | Transfer failed!! account cannot be overdrawn |" time="0.009">
    <skipped/>
  </testcase>
  <testcase classname="| Tim | 100000 | Transfer failed!! account cannot be overdrawn |" name="| Tim | 100000 | Transfer failed!! account cannot be overdrawn |" time="0.009"/>
</testsuite>